<?xml version="1.0" encoding="utf-8"?><testsuites name="pytest tests"><testsuite name="pytest" errors="0" failures="0" skipped="0" tests="8" time="7.948" timestamp="2026-07-03T18:28:07.449727+00:00" hostname="agent-env-b101e498-7ba8-4ca4-9512-3893e5d49df2"><testcase classname="tests.backend_test" name="test_health" time="0.389" /><testcase classname="tests.backend_test" name="test_list_repos_contains_cors" time="0.165" /><testcase classname="tests.backend_test" name="test_chat_grounded_answer" time="4.779" /><testcase classname="tests.backend_test" name="test_chat_unrelated_question" time="1.374" /><testcase classname="tests.backend_test" name="test_chat_404_nonexistent_repo" time="0.163" /><testcase classname="tests.backend_test" name="test_chat_400_empty_question" time="0.206" /><testcase classname="tests.backend_test" name="test_drift_flags_list" time="0.164" /><testcase classname="tests.backend_test" name="test_drift_status" time="0.131" /></testsuite></testsuites>